<?xml version="1.0" encoding="UTF-8"?>
<!-- Generated by org.testng.reporters.JUnitReportReporter -->
<testsuite skipped="0" hostname="Ashu-PC" name="com.org.seleniumPractise.verifyPageTitle" tests="1" failures="0" timestamp="04 Nov 2018 11:09:18 GMT" time="57.692" errors="0">
  <testcase name="verifyTite" time="57.692" classname="com.org.seleniumPractise.verifyPageTitle"/>
</testsuite> <!-- com.org.seleniumPractise.verifyPageTitle -->
